# JRE version: OpenJDK Runtime Environment (19.0.1+10) (build 19.0.1+10-21)
# Java VM: OpenJDK 64-Bit Server VM (19.0.1+10-21, mixed mode, emulated-client, tiered, compressed oops, compressed class ptrs, g1 gc, windows-amd64)
GC Precious Log:
 CardTable entry size: 512
 Card Set container configuration: InlinePtr #cards 5 size 8 Array Of Cards #cards 12 size 40 Howl #buckets 4 coarsen threshold 1843 Howl Bitmap #cards 512 size 80 coarsen threshold 460 Card regions per heap region 1 cards per card region 2048
 CPUs: 8 total, 8 available
 Memory: 7831M
 Large Page Support: Disabled
 NUMA Support: Disabled
 Compressed Oops: Enabled (32-bit)
 Heap Region Size: 1M
 Heap Min Capacity: 8M
 Heap Initial Capacity: 124M
 Heap Max Capacity: 1958M
 Pre-touch: Disabled
 Parallel Workers: 8
 Concurrent Workers: 2
 Concurrent Refinement Workers: 8
 Periodic GC: Disabled
Heap:
 garbage-first heap   total 40960K, used 16709K [0x0000000085a00000, 0x0000000100000000)
  region size 1024K, 2 young (2048K), 2 survivors (2048K)
 Metaspace       used 35827K, committed 36288K, reserved 1114112K
  class space    used 4353K, committed 4608K, reserved 1048576K
GC Heap History (17 events):
Event: 1.639 GC heap before
{Heap before GC invocations=0 (full 0):
 garbage-first heap   total 126976K, used 23552K [0x0000000085a00000, 0x0000000100000000)
  region size 1024K, 23 young (23552K), 0 survivors (0K)
 Metaspace       used 16133K, committed 16384K, reserved 1114112K
  class space    used 1592K, committed 1728K, reserved 1048576K
}
Event: 1.651 GC heap after
{Heap after GC invocations=1 (full 0):
 garbage-first heap   total 126976K, used 8178K [0x0000000085a00000, 0x0000000100000000)
  region size 1024K, 3 young (3072K), 3 survivors (3072K)
 Metaspace       used 16133K, committed 16384K, reserved 1114112K
  class space    used 1592K, committed 1728K, reserved 1048576K
}
Event: 2.343 GC heap before
{Heap before GC invocations=1 (full 0):
 garbage-first heap   total 126976K, used 28658K [0x0000000085a00000, 0x0000000100000000)
  region size 1024K, 24 young (24576K), 3 survivors (3072K)
 Metaspace       used 21229K, committed 21504K, reserved 1114112K
  class space    used 2342K, committed 2496K, reserved 1048576K
}
Event: 2.349 GC heap after
{Heap after GC invocations=2 (full 0):
 garbage-first heap   total 126976K, used 10046K [0x0000000085a00000, 0x0000000100000000)
  region size 1024K, 2 young (2048K), 2 survivors (2048K)
 Metaspace       used 21229K, committed 21504K, reserved 1114112K
  class space    used 2342K, committed 2496K, reserved 1048576K
}
Event: 2.690 GC heap before
{Heap before GC invocations=3 (full 0):
 garbage-first heap   total 40960K, used 31550K [0x0000000085a00000, 0x0000000100000000)
  region size 1024K, 24 young (24576K), 2 survivors (2048K)
 Metaspace       used 26968K, committed 27264K, reserved 1114112K
  class space    used 3012K, committed 3136K, reserved 1048576K
}
Event: 2.695 GC heap after
{Heap after GC invocations=4 (full 0):
 garbage-first heap   total 40960K, used 11529K [0x0000000085a00000, 0x0000000100000000)
  region size 1024K, 2 young (2048K), 2 survivors (2048K)
 Metaspace       used 26968K, committed 27264K, reserved 1114112K
  class space    used 3012K, committed 3136K, reserved 1048576K
}
Event: 2.710 GC heap before
{Heap before GC invocations=4 (full 0):
 garbage-first heap   total 40960K, used 12553K [0x0000000085a00000, 0x0000000100000000)
  region size 1024K, 3 young (3072K), 2 survivors (2048K)
 Metaspace       used 27176K, committed 27584K, reserved 1114112K
  class space    used 3040K, committed 3264K, reserved 1048576K
}
Event: 2.713 GC heap after
{Heap after GC invocations=5 (full 0):
 garbage-first heap   total 40960K, used 11471K [0x0000000085a00000, 0x0000000100000000)
  region size 1024K, 1 young (1024K), 1 survivors (1024K)
 Metaspace       used 27176K, committed 27584K, reserved 1114112K
  class space    used 3040K, committed 3264K, reserved 1048576K
}
Event: 3.068 GC heap before
{Heap before GC invocations=5 (full 0):
 garbage-first heap   total 40960K, used 25807K [0x0000000085a00000, 0x0000000100000000)
  region size 1024K, 16 young (16384K), 1 survivors (1024K)
 Metaspace       used 29703K, committed 30016K, reserved 1114112K
  class space    used 3362K, committed 3520K, reserved 1048576K
}
Event: 3.071 GC heap after
{Heap after GC invocations=6 (full 0):
 garbage-first heap   total 40960K, used 13210K [0x0000000085a00000, 0x0000000100000000)
  region size 1024K, 2 young (2048K), 2 survivors (2048K)
 Metaspace       used 29703K, committed 30016K, reserved 1114112K
  class space    used 3362K, committed 3520K, reserved 1048576K
}
Event: 3.868 GC heap before
{Heap before GC invocations=6 (full 0):
 garbage-first heap   total 40960K, used 28570K [0x0000000085a00000, 0x0000000100000000)
  region size 1024K, 17 young (17408K), 2 survivors (2048K)
 Metaspace       used 30863K, committed 31232K, reserved 1114112K
  class space    used 3528K, committed 3712K, reserved 1048576K
}
Event: 3.874 GC heap after
{Heap after GC invocations=7 (full 0):
 garbage-first heap   total 40960K, used 14263K [0x0000000085a00000, 0x0000000100000000)
  region size 1024K, 2 young (2048K), 2 survivors (2048K)
 Metaspace       used 30863K, committed 31232K, reserved 1114112K
  class space    used 3528K, committed 3712K, reserved 1048576K
}
Event: 7.330 GC heap before
{Heap before GC invocations=7 (full 0):
 garbage-first heap   total 40960K, used 29623K [0x0000000085a00000, 0x0000000100000000)
  region size 1024K, 17 young (17408K), 2 survivors (2048K)
 Metaspace       used 33557K, committed 33920K, reserved 1114112K
  class space    used 3981K, committed 4160K, reserved 1048576K
}
Event: 7.335 GC heap after
{Heap after GC invocations=8 (full 0):
 garbage-first heap   total 40960K, used 15120K [0x0000000085a00000, 0x0000000100000000)
  region size 1024K, 3 young (3072K), 3 survivors (3072K)
 Metaspace       used 33557K, committed 33920K, reserved 1114112K
  class space    used 3981K, committed 4160K, reserved 1048576K
}
Event: 7.759 GC heap before
{Heap before GC invocations=8 (full 0):
 garbage-first heap   total 40960K, used 28432K [0x0000000085a00000, 0x0000000100000000)
  region size 1024K, 17 young (17408K), 3 survivors (3072K)
 Metaspace       used 35633K, committed 36096K, reserved 1114112K
  class space    used 4321K, committed 4544K, reserved 1048576K
}
Event: 7.767 GC heap after
{Heap after GC invocations=9 (full 0):
 garbage-first heap   total 40960K, used 16549K [0x0000000085a00000, 0x0000000100000000)
  region size 1024K, 3 young (3072K), 3 survivors (3072K)
 Metaspace       used 35633K, committed 36096K, reserved 1114112K
  class space    used 4321K, committed 4544K, reserved 1048576K
}
Event: 7.815 GC heap before
{Heap before GC invocations=9 (full 0):
 garbage-first heap   total 40960K, used 17573K [0x0000000085a00000, 0x0000000100000000)
  region size 1024K, 5 young (5120K), 3 survivors (3072K)
 Metaspace       used 35827K, committed 36288K, reserved 1114112K
  class space    used 4353K, committed 4608K, reserved 1048576K
}

